#
# There is insufficient memory for the Java Runtime Environment to continue.
# Native memory allocation (mmap) failed to map 528482304 bytes for committing reserved memory.
# Possible reasons:
#   The system is out of physical RAM or swap space
#   The process is running with CompressedOops enabled, and the Java Heap may be blocking the growth of the native heap
# Possible solutions:
#   Reduce memory load on the system
#   Increase physical memory or swap space
#   Check if swap backing store is full
#   Decrease Java heap size (-Xmx/-Xms)
#   Decrease number of Java threads
#   Decrease Java thread stack sizes (-Xss)
#   Set larger code cache with -XX:ReservedCodeCacheSize=
# This output file may be truncated or incomplete.
#
#  Out of Memory Error (os_linux.cpp:2749), pid=26577, tid=0x00007f4a6859a700
#
# JRE version:  (8.0_201-b09) (build )
# Java VM: Java HotSpot(TM) 64-Bit Server VM (25.201-b09 mixed mode linux-amd64 compressed oops)
# Failed to write core dump. Core dumps have been disabled. To enable core dumping, try "ulimit -c unlimited" before starting Java again
#

---------------  T H R E A D  ---------------

Current thread (0x00007f4a6000c000):  JavaThread "Unknown thread" [_thread_in_vm, id=26578, stack(0x00007f4a6849b000,0x00007f4a6859b000)]

Stack: [0x00007f4a6849b000,0x00007f4a6859b000],  sp=0x00007f4a685993c0,  free space=1016k
Native frames: (J=compiled Java code, j=interpreted, Vv=VM code, C=native code)
V  [libjvm.so+0xad3525]  VMError::report_and_die()+0x2e5
V  [libjvm.so+0x4e0457]  report_vm_out_of_memory(char const*, int, unsigned long, VMErrorType, char const*)+0x67
V  [libjvm.so+0x910446]  os::pd_commit_memory_or_exit(char*, unsigned long, unsigned long, bool, char const*)+0x106
V  [libjvm.so+0x907bed]  os::commit_memory_or_exit(char*, unsigned long, unsigned long, bool, char const*)+0x1d
V  [libjvm.so+0x5af684]  G1PageBasedVirtualSpace::commit_internal(unsigned long, unsigned long)+0x224
V  [libjvm.so+0x5af70e]  G1PageBasedVirtualSpace::commit(unsigned long, unsigned long)+0x7e
V  [libjvm.so+0x5b2205]  G1RegionsLargerThanCommitSizeMapper::commit_regions(unsigned int, unsigned long)+0x35
V  [libjvm.so+0x61d4f6]  HeapRegionManager::commit_regions(unsigned int, unsigned long)+0x76
V  [libjvm.so+0x61e60f]  HeapRegionManager::make_regions_available(unsigned int, unsigned int)+0x3f
V  [libjvm.so+0x61ead8]  HeapRegionManager::expand_by(unsigned int)+0x128
V  [libjvm.so+0x58bc5a]  G1CollectedHeap::expand(unsigned long)+0x12a
V  [libjvm.so+0x595b0c]  G1CollectedHeap::initialize()+0x5ec
V  [libjvm.so+0xa9714a]  Universe::initialize_heap()+0x16a
V  [libjvm.so+0xa97433]  universe_init()+0x33
V  [libjvm.so+0x631fd0]  init_globals()+0x50
V  [libjvm.so+0xa79b69]  Threads::create_vm(JavaVMInitArgs*, bool*)+0x409
V  [libjvm.so+0x6d7b4f]  JNI_CreateJavaVM+0x4f
C  [libjli.so+0x7ee4]  JavaMain+0x84
C  [libpthread.so.0+0x76db]  start_thread+0xdb


---------------  P R O C E S S  ---------------

Java Threads: ( => current thread )

Other Threads:

=>0x00007f4a6000c000 (exited) JavaThread "Unknown thread" [_thread_in_vm, id=26578, stack(0x00007f4a6849b000,0x00007f4a6859b000)]

VM state:not at safepoint (not fully initialized)

VM Mutex/Monitor currently owned by a thread:  ([mutex/lock_event])
[0x00007f4a60008ea0] Heap_lock - owner thread: 0x00007f4a6000c000

heap address: 0x00000000c0000000, size: 1024 MB, Compressed Oops mode: Non-zero based:0x00000000bffff000
Narrow klass base: 0x0000000000000000, Narrow klass shift: 0

GC Heap History (0 events):
No events

Deoptimization events (0 events):
No events

Classes redefined (0 events):
No events

Internal exceptions (0 events):
No events

Events (0 events):
No events


Dynamic libraries:
00400000-00401000 r-xp 00000000 08:32 3280126                            /usr/lib/jvm/java-8-oracle/bin/java
00600000-00601000 r--p 00000000 08:32 3280126                            /usr/lib/jvm/java-8-oracle/bin/java
00601000-00602000 rw-p 00001000 08:32 3280126                            /usr/lib/jvm/java-8-oracle/bin/java
00c93000-00cb4000 rw-p 00000000 00:00 0                                  [heap]
df800000-100000000 ---p 00000000 00:00 0 
7f4a1c000000-7f4a1c021000 rw-p 00000000 00:00 0 
7f4a1c021000-7f4a20000000 ---p 00000000 00:00 0 
7f4a24000000-7f4a24021000 rw-p 00000000 00:00 0 
7f4a24021000-7f4a28000000 ---p 00000000 00:00 0 
7f4a28000000-7f4a2a000000 rw-p 00000000 00:00 0 
7f4a2a000000-7f4a2c000000 ---p 00000000 00:00 0 
7f4a2c000000-7f4a2c021000 rw-p 00000000 00:00 0 
7f4a2c021000-7f4a30000000 ---p 00000000 00:00 0 
7f4a30000000-7f4a30021000 rw-p 00000000 00:00 0 
7f4a30021000-7f4a34000000 ---p 00000000 00:00 0 
7f4a34000000-7f4a34021000 rw-p 00000000 00:00 0 
7f4a34021000-7f4a38000000 ---p 00000000 00:00 0 
7f4a38000000-7f4a38021000 rw-p 00000000 00:00 0 
7f4a38021000-7f4a3c000000 ---p 00000000 00:00 0 
7f4a3c000000-7f4a3c021000 rw-p 00000000 00:00 0 
7f4a3c021000-7f4a40000000 ---p 00000000 00:00 0 
7f4a40000000-7f4a40021000 rw-p 00000000 00:00 0 
7f4a40021000-7f4a44000000 ---p 00000000 00:00 0 
7f4a44000000-7f4a44021000 rw-p 00000000 00:00 0 
7f4a44021000-7f4a48000000 ---p 00000000 00:00 0 
7f4a48000000-7f4a48021000 rw-p 00000000 00:00 0 
7f4a48021000-7f4a4c000000 ---p 00000000 00:00 0 
7f4a4c000000-7f4a4c021000 rw-p 00000000 00:00 0 
7f4a4c021000-7f4a50000000 ---p 00000000 00:00 0 
7f4a50324000-7f4a509fe000 rw-p 00000000 00:00 0 
7f4a509fe000-7f4a509ff000 ---p 00000000 00:00 0 
7f4a509ff000-7f4a50aff000 rw-p 00000000 00:00 0 
7f4a50aff000-7f4a50b00000 ---p 00000000 00:00 0 
7f4a50b00000-7f4a50c00000 rw-p 00000000 00:00 0 
7f4a50c00000-7f4a51000000 ---p 00000000 00:00 0 
7f4a51000000-7f4a51270000 rwxp 00000000 00:00 0 
7f4a51270000-7f4a60000000 ---p 00000000 00:00 0 
7f4a60000000-7f4a60070000 rw-p 00000000 00:00 0 
7f4a60070000-7f4a64000000 ---p 00000000 00:00 0 
7f4a64013000-7f4a64095000 rw-p 00000000 00:00 0 
7f4a64095000-7f4a64495000 ---p 00000000 00:00 0 
7f4a64495000-7f4a64496000 ---p 00000000 00:00 0 
7f4a64496000-7f4a64596000 rw-p 00000000 00:00 0 
7f4a64596000-7f4a64597000 ---p 00000000 00:00 0 
7f4a64597000-7f4a64697000 rw-p 00000000 00:00 0 
7f4a64697000-7f4a64698000 ---p 00000000 00:00 0 
7f4a64698000-7f4a64798000 rw-p 00000000 00:00 0 
7f4a64798000-7f4a64799000 ---p 00000000 00:00 0 
7f4a64799000-7f4a64899000 rw-p 00000000 00:00 0 
7f4a64899000-7f4a6489a000 ---p 00000000 00:00 0 
7f4a6489a000-7f4a64d9e000 rw-p 00000000 00:00 0 
7f4a64d9e000-7f4a64d9f000 ---p 00000000 00:00 0 
7f4a64d9f000-7f4a64e9f000 rw-p 00000000 00:00 0 
7f4a64e9f000-7f4a64ea0000 ---p 00000000 00:00 0 
7f4a64ea0000-7f4a64fa0000 rw-p 00000000 00:00 0 
7f4a64fa0000-7f4a64fa1000 ---p 00000000 00:00 0 
7f4a64fa1000-7f4a650a1000 rw-p 00000000 00:00 0 
7f4a650a1000-7f4a650a2000 ---p 00000000 00:00 0 
7f4a650a2000-7f4a651ac000 rw-p 00000000 00:00 0 
7f4a651ac000-7f4a65562000 ---p 00000000 00:00 0 
7f4a65562000-7f4a6557d000 r-xp 00000000 08:32 3346863                    /usr/lib/jvm/java-8-oracle/jre/lib/amd64/libzip.so
7f4a6557d000-7f4a6577c000 ---p 0001b000 08:32 3346863                    /usr/lib/jvm/java-8-oracle/jre/lib/amd64/libzip.so
7f4a6577c000-7f4a6577d000 r--p 0001a000 08:32 3346863                    /usr/lib/jvm/java-8-oracle/jre/lib/amd64/libzip.so
7f4a6577d000-7f4a6577e000 rw-p 0001b000 08:32 3346863                    /usr/lib/jvm/java-8-oracle/jre/lib/amd64/libzip.so
7f4a6577e000-7f4a65789000 r-xp 00000000 08:32 791245                     /lib/x86_64-linux-gnu/libnss_files-2.27.so
7f4a65789000-7f4a65988000 ---p 0000b000 08:32 791245                     /lib/x86_64-linux-gnu/libnss_files-2.27.so
7f4a65988000-7f4a65989000 r--p 0000a000 08:32 791245                     /lib/x86_64-linux-gnu/libnss_files-2.27.so
7f4a65989000-7f4a6598a000 rw-p 0000b000 08:32 791245                     /lib/x86_64-linux-gnu/libnss_files-2.27.so
7f4a6598a000-7f4a65990000 rw-p 00000000 00:00 0 
7f4a65990000-7f4a659a7000 r-xp 00000000 08:32 791239                     /lib/x86_64-linux-gnu/libnsl-2.27.so
7f4a659a7000-7f4a65ba6000 ---p 00017000 08:32 791239                     /lib/x86_64-linux-gnu/libnsl-2.27.so
7f4a65ba6000-7f4a65ba7000 r--p 00016000 08:32 791239                     /lib/x86_64-linux-gnu/libnsl-2.27.so
7f4a65ba7000-7f4a65ba8000 rw-p 00017000 08:32 791239                     /lib/x86_64-linux-gnu/libnsl-2.27.so
7f4a65ba8000-7f4a65baa000 rw-p 00000000 00:00 0 
7f4a65baa000-7f4a65bb5000 r-xp 00000000 08:32 791255                     /lib/x86_64-linux-gnu/libnss_nis-2.27.so
7f4a65bb5000-7f4a65db4000 ---p 0000b000 08:32 791255                     /lib/x86_64-linux-gnu/libnss_nis-2.27.so
7f4a65db4000-7f4a65db5000 r--p 0000a000 08:32 791255                     /lib/x86_64-linux-gnu/libnss_nis-2.27.so
7f4a65db5000-7f4a65db6000 rw-p 0000b000 08:32 791255                     /lib/x86_64-linux-gnu/libnss_nis-2.27.so
7f4a65db6000-7f4a65dbe000 r-xp 00000000 08:32 791241                     /lib/x86_64-linux-gnu/libnss_compat-2.27.so
7f4a65dbe000-7f4a65fbe000 ---p 00008000 08:32 791241                     /lib/x86_64-linux-gnu/libnss_compat-2.27.so
7f4a65fbe000-7f4a65fbf000 r--p 00008000 08:32 791241                     /lib/x86_64-linux-gnu/libnss_compat-2.27.so
7f4a65fbf000-7f4a65fc0000 rw-p 00009000 08:32 791241                     /lib/x86_64-linux-gnu/libnss_compat-2.27.so
7f4a65fc0000-7f4a65fec000 r-xp 00000000 08:32 3346857                    /usr/lib/jvm/java-8-oracle/jre/lib/amd64/libjava.so
7f4a65fec000-7f4a661ec000 ---p 0002c000 08:32 3346857                    /usr/lib/jvm/java-8-oracle/jre/lib/amd64/libjava.so
7f4a661ec000-7f4a661ed000 r--p 0002c000 08:32 3346857                    /usr/lib/jvm/java-8-oracle/jre/lib/amd64/libjava.so
7f4a661ed000-7f4a661ef000 rw-p 0002d000 08:32 3346857                    /usr/lib/jvm/java-8-oracle/jre/lib/amd64/libjava.so
7f4a661ef000-7f4a661fc000 r-xp 00000000 08:32 3346862                    /usr/lib/jvm/java-8-oracle/jre/lib/amd64/libverify.so
7f4a661fc000-7f4a663fb000 ---p 0000d000 08:32 3346862                    /usr/lib/jvm/java-8-oracle/jre/lib/amd64/libverify.so
7f4a663fb000-7f4a663fd000 r--p 0000c000 08:32 3346862                    /usr/lib/jvm/java-8-oracle/jre/lib/amd64/libverify.so
7f4a663fd000-7f4a663fe000 rw-p 0000e000 08:32 3346862                    /usr/lib/jvm/java-8-oracle/jre/lib/amd64/libverify.so
7f4a663fe000-7f4a66405000 r-xp 00000000 08:32 791295                     /lib/x86_64-linux-gnu/librt-2.27.so
7f4a66405000-7f4a66604000 ---p 00007000 08:32 791295                     /lib/x86_64-linux-gnu/librt-2.27.so
7f4a66604000-7f4a66605000 r--p 00006000 08:32 791295                     /lib/x86_64-linux-gnu/librt-2.27.so
7f4a66605000-7f4a66606000 rw-p 00007000 08:32 791295                     /lib/x86_64-linux-gnu/librt-2.27.so
7f4a66606000-7f4a667a3000 r-xp 00000000 08:32 791218                     /lib/x86_64-linux-gnu/libm-2.27.so
7f4a667a3000-7f4a669a2000 ---p 0019d000 08:32 791218                     /lib/x86_64-linux-gnu/libm-2.27.so
7f4a669a2000-7f4a669a3000 r--p 0019c000 08:32 791218                     /lib/x86_64-linux-gnu/libm-2.27.so
7f4a669a3000-7f4a669a4000 rw-p 0019d000 08:32 791218                     /lib/x86_64-linux-gnu/libm-2.27.so
7f4a669a4000-7f4a6768c000 r-xp 00000000 08:32 3346883                    /usr/lib/jvm/java-8-oracle/jre/lib/amd64/server/libjvm.so
7f4a6768c000-7f4a6788b000 ---p 00ce8000 08:32 3346883                    /usr/lib/jvm/java-8-oracle/jre/lib/amd64/server/libjvm.so
7f4a6788b000-7f4a67921000 r--p 00ce7000 08:32 3346883                    /usr/lib/jvm/java-8-oracle/jre/lib/amd64/server/libjvm.so
7f4a67921000-7f4a67952000 rw-p 00d7d000 08:32 3346883                    /usr/lib/jvm/java-8-oracle/jre/lib/amd64/server/libjvm.so
7f4a67952000-7f4a6798d000 rw-p 00000000 00:00 0 
7f4a6798d000-7f4a67b74000 r-xp 00000000 08:32 791155                     /lib/x86_64-linux-gnu/libc-2.27.so
7f4a67b74000-7f4a67d74000 ---p 001e7000 08:32 791155                     /lib/x86_64-linux-gnu/libc-2.27.so
7f4a67d74000-7f4a67d78000 r--p 001e7000 08:32 791155                     /lib/x86_64-linux-gnu/libc-2.27.so
7f4a67d78000-7f4a67d7a000 rw-p 001eb000 08:32 791155                     /lib/x86_64-linux-gnu/libc-2.27.so
7f4a67d7a000-7f4a67d7e000 rw-p 00000000 00:00 0 
7f4a67d7e000-7f4a67d81000 r-xp 00000000 08:32 791178                     /lib/x86_64-linux-gnu/libdl-2.27.so
7f4a67d81000-7f4a67f80000 ---p 00003000 08:32 791178                     /lib/x86_64-linux-gnu/libdl-2.27.so
7f4a67f80000-7f4a67f81000 r--p 00002000 08:32 791178                     /lib/x86_64-linux-gnu/libdl-2.27.so
7f4a67f81000-7f4a67f82000 rw-p 00003000 08:32 791178                     /lib/x86_64-linux-gnu/libdl-2.27.so
7f4a67f82000-7f4a67f99000 r-xp 00000000 08:32 3346597                    /usr/lib/jvm/java-8-oracle/lib/amd64/jli/libjli.so
7f4a67f99000-7f4a68198000 ---p 00017000 08:32 3346597                    /usr/lib/jvm/java-8-oracle/lib/amd64/jli/libjli.so
7f4a68198000-7f4a68199000 r--p 00016000 08:32 3346597                    /usr/lib/jvm/java-8-oracle/lib/amd64/jli/libjli.so
7f4a68199000-7f4a6819a000 rw-p 00017000 08:32 3346597                    /usr/lib/jvm/java-8-oracle/lib/amd64/jli/libjli.so
7f4a6819a000-7f4a681b4000 r-xp 00000000 08:32 791287                     /lib/x86_64-linux-gnu/libpthread-2.27.so
7f4a681b4000-7f4a683b3000 ---p 0001a000 08:32 791287                     /lib/x86_64-linux-gnu/libpthread-2.27.so
7f4a683b3000-7f4a683b4000 r--p 00019000 08:32 791287                     /lib/x86_64-linux-gnu/libpthread-2.27.so
7f4a683b4000-7f4a683b5000 rw-p 0001a000 08:32 791287                     /lib/x86_64-linux-gnu/libpthread-2.27.so
7f4a683b5000-7f4a683b9000 rw-p 00000000 00:00 0 
7f4a683b9000-7f4a683e0000 r-xp 00000000 08:32 791127                     /lib/x86_64-linux-gnu/ld-2.27.so
7f4a68418000-7f4a6849a000 rw-p 00000000 00:00 0 
7f4a6849a000-7f4a6849b000 ---p 00000000 00:00 0 
7f4a6849b000-7f4a6849e000 ---p 00000000 00:00 0 
7f4a6849e000-7f4a6859f000 rw-p 00000000 00:00 0 
7f4a685d6000-7f4a685de000 rw-s 00000000 08:32 1879215                    /tmp/hsperfdata_kevin/26577
7f4a685de000-7f4a685df000 rw-p 00000000 00:00 0 
7f4a685df000-7f4a685e0000 r--p 00000000 00:00 0 
7f4a685e0000-7f4a685e1000 r--p 00027000 08:32 791127                     /lib/x86_64-linux-gnu/ld-2.27.so
7f4a685e1000-7f4a685e2000 rw-p 00028000 08:32 791127                     /lib/x86_64-linux-gnu/ld-2.27.so
7f4a685e2000-7f4a685e3000 rw-p 00000000 00:00 0 
7fff8ab0a000-7fff8ab2b000 rw-p 00000000 00:00 0                          [stack]
7fff8abc3000-7fff8abc6000 r--p 00000000 00:00 0                          [vvar]
7fff8abc6000-7fff8abc8000 r-xp 00000000 00:00 0                          [vdso]
ffffffffff600000-ffffffffff601000 r-xp 00000000 00:00 0                  [vsyscall]

VM Arguments:
jvm_args: -Declipse.application=org.eclipse.jdt.ls.core.id1 -Dosgi.bundles.defaultStartLevel=4 -Declipse.product=org.eclipse.jdt.ls.core.product -Dfile.encoding=utf8 -Xverify:none -Xmx1G -XX:+UseG1GC -XX:+UseStringDeduplication 
java_command: /mnt/hdd/home/kevin/.vscode/extensions/redhat.java-0.42.1/server/plugins/org.eclipse.equinox.launcher_1.5.300.v20190213-1655.jar -configuration /mnt/hdd/home/kevin/.vscode/extensions/redhat.java-0.42.1/server/config_linux -data /home/kevin/.config/Code/User/workspaceStorage/eee372a9be3074e14797610896ca6f9a/redhat.java/jdt_ws
java_class_path (initial): /mnt/hdd/home/kevin/.vscode/extensions/redhat.java-0.42.1/server/plugins/org.eclipse.equinox.launcher_1.5.300.v20190213-1655.jar
Launcher Type: SUN_STANDARD

Environment Variables:
JAVA_HOME=/usr/lib/jvm/java-8-oracle
PATH=/usr/local/sbin:/usr/local/bin:/usr/sbin:/usr/bin:/sbin:/bin:/usr/games:/usr/local/games:/snap/bin:/home/kevin/.dotnet/tools:/usr/lib/jvm/java-8-oracle/bin:/usr/lib/jvm/java-8-oracle/db/bin:/usr/lib/jvm/java-8-oracle/jre/bin:/home/kevin/.go/bin:/home/kevin/go/bin:/home/kevin/.dotnet/tools:/usr/lib/jvm/java-8-oracle/bin:/usr/lib/jvm/java-8-oracle/db/bin:/usr/lib/jvm/java-8-oracle/jre/bin:/home/kevin/.go/bin:/home/kevin/go/bin
SHELL=/bin/bash
DISPLAY=:0

Signal Handlers:
SIGSEGV: [libjvm.so+0xad3e60], sa_mask[0]=11111111011111111101111111111110, sa_flags=SA_RESTART|SA_SIGINFO
SIGBUS: [libjvm.so+0xad3e60], sa_mask[0]=11111111011111111101111111111110, sa_flags=SA_RESTART|SA_SIGINFO
SIGFPE: [libjvm.so+0x90b880], sa_mask[0]=11111111011111111101111111111110, sa_flags=SA_RESTART|SA_SIGINFO
SIGPIPE: [libjvm.so+0x90b880], sa_mask[0]=11111111011111111101111111111110, sa_flags=SA_RESTART|SA_SIGINFO
SIGXFSZ: [libjvm.so+0x90b880], sa_mask[0]=11111111011111111101111111111110, sa_flags=SA_RESTART|SA_SIGINFO
SIGILL: [libjvm.so+0x90b880], sa_mask[0]=11111111011111111101111111111110, sa_flags=SA_RESTART|SA_SIGINFO
SIGUSR1: SIG_DFL, sa_mask[0]=00000000000000000000000000000000, sa_flags=none
SIGUSR2: [libjvm.so+0x90b750], sa_mask[0]=00000000000000000000000000000000, sa_flags=SA_RESTART|SA_SIGINFO
SIGHUP: SIG_DFL, sa_mask[0]=00000000000000000000000000000000, sa_flags=none
SIGINT: SIG_DFL, sa_mask[0]=00000000000000000000000000000000, sa_flags=none
SIGTERM: SIG_DFL, sa_mask[0]=00000000000000000000000000000000, sa_flags=none
SIGQUIT: SIG_DFL, sa_mask[0]=00000000000000000000000000000000, sa_flags=none


---------------  S Y S T E M  ---------------

OS:DISTRIB_ID=Ubuntu
DISTRIB_RELEASE=18.04
DISTRIB_CODENAME=bionic
DISTRIB_DESCRIPTION="Ubuntu 18.04.2 LTS"

uname:Linux 4.15.0-47-generic #50-Ubuntu SMP Wed Mar 13 10:44:52 UTC 2019 x86_64
libc:glibc 2.27 NPTL 2.27 
rlimit: STACK 8192k, CORE 0k, NPROC 127788, NOFILE 1048576, AS infinity
load average:104.01 61.23 27.85

/proc/meminfo:
MemTotal:       32938700 kB
MemFree:          246848 kB
MemAvailable:     190252 kB
Buffers:            7268 kB
Cached:          1224960 kB
SwapCached:            0 kB
Active:         19295628 kB
Inactive:        1065864 kB
Active(anon):   19183340 kB
Inactive(anon):   946144 kB
Active(file):     112288 kB
Inactive(file):   119720 kB
Unevictable:     8587936 kB
Mlocked:         8587936 kB
SwapTotal:             0 kB
SwapFree:              0 kB
Dirty:               504 kB
Writeback:            32 kB
AnonPages:      27717948 kB
Mapped:          3795580 kB
Shmem:            977940 kB
Slab:             591608 kB
SReclaimable:     150556 kB
SUnreclaim:       441052 kB
KernelStack:       39184 kB
PageTables:       219648 kB
NFS_Unstable:          0 kB
Bounce:                0 kB
WritebackTmp:          0 kB
CommitLimit:    16469348 kB
Committed_AS:   47245588 kB
VmallocTotal:   34359738367 kB
VmallocUsed:           0 kB
VmallocChunk:          0 kB
HardwareCorrupted:     0 kB
AnonHugePages:         0 kB
ShmemHugePages:        0 kB
ShmemPmdMapped:        0 kB
CmaTotal:              0 kB
CmaFree:               0 kB
HugePages_Total:       0
HugePages_Free:        0
HugePages_Rsvd:        0
HugePages_Surp:        0
Hugepagesize:       2048 kB
DirectMap4k:    26826428 kB
DirectMap2M:     6662144 kB
DirectMap1G:     1048576 kB

container (cgroup) information:
container_type: cgroupv1
cpu_cpuset_cpus: 0-3
cpu_memory_nodes: 0
active_processor_count: 4
cpu_quota: -1
cpu_period: 100000
cpu_shares: -1
memory_limit_in_bytes: -1
memory_and_swap_limit_in_bytes: -2
memory_soft_limit_in_bytes: -1
memory_usage_in_bytes: 16722538496
memory_max_usage_in_bytes: 19206455296


CPU:total 4 (initial active 4) (4 cores per cpu, 1 threads per core) family 23 model 1 stepping 1, cmov, cx8, fxsr, mmx, sse, sse2, sse3, ssse3, sse4.1, sse4.2, popcnt, avx, avx2, aes, clmul, mmxext, 3dnowpref, lzcnt, sse4a, tsc, tscinvbit, tscinv, bmi1

/proc/cpuinfo:
processor	: 0
vendor_id	: AuthenticAMD
cpu family	: 23
model		: 1
model name	: AMD Ryzen 3 1300X Quad-Core Processor
stepping	: 1
microcode	: 0x8001137
cpu MHz		: 2208.651
cache size	: 512 KB
physical id	: 0
siblings	: 4
core id		: 0
cpu cores	: 4
apicid		: 0
initial apicid	: 0
fpu		: yes
fpu_exception	: yes
cpuid level	: 13
wp		: yes
flags		: fpu vme de pse tsc msr pae mce cx8 apic sep mtrr pge mca cmov pat pse36 clflush mmx fxsr sse sse2 ht syscall nx mmxext fxsr_opt pdpe1gb rdtscp lm constant_tsc rep_good nopl nonstop_tsc cpuid extd_apicid aperfmperf pni pclmulqdq monitor ssse3 fma cx16 sse4_1 sse4_2 movbe popcnt aes xsave avx f16c rdrand lahf_lm cmp_legacy svm extapic cr8_legacy abm sse4a misalignsse 3dnowprefetch osvw skinit wdt tce topoext perfctr_core perfctr_nb bpext perfctr_llc mwaitx cpb hw_pstate sme ssbd ibpb vmmcall fsgsbase bmi1 avx2 smep bmi2 rdseed adx smap clflushopt sha_ni xsaveopt xsavec xgetbv1 xsaves clzero irperf xsaveerptr arat npt lbrv svm_lock nrip_save tsc_scale vmcb_clean flushbyasid decodeassists pausefilter pfthreshold avic v_vmsave_vmload vgif overflow_recov succor smca
bugs		: sysret_ss_attrs null_seg spectre_v1 spectre_v2 spec_store_bypass
bogomips	: 6985.76
TLB size	: 2560 4K pages
clflush size	: 64
cache_alignment	: 64
address sizes	: 43 bits physical, 48 bits virtual
power management: ts ttp tm hwpstate eff_freq_ro [13] [14]

processor	: 1
vendor_id	: AuthenticAMD
cpu family	: 23
model		: 1
model name	: AMD Ryzen 3 1300X Quad-Core Processor
stepping	: 1
microcode	: 0x8001137
cpu MHz		: 1910.385
cache size	: 512 KB
physical id	: 0
siblings	: 4
core id		: 1
cpu cores	: 4
apicid		: 1
initial apicid	: 1
fpu		: yes
fpu_exception	: yes
cpuid level	: 13
wp		: yes
flags		: fpu vme de pse tsc msr pae mce cx8 apic sep mtrr pge mca cmov pat pse36 clflush mmx fxsr sse sse2 ht syscall nx mmxext fxsr_opt pdpe1gb rdtscp lm constant_tsc rep_good nopl nonstop_tsc cpuid extd_apicid aperfmperf pni pclmulqdq monitor ssse3 fma cx16 sse4_1 sse4_2 movbe popcnt aes xsave avx f16c rdrand lahf_lm cmp_legacy svm extapic cr8_legacy abm sse4a misalignsse 3dnowprefetch osvw skinit wdt tce topoext perfctr_core perfctr_nb bpext perfctr_llc mwaitx cpb hw_pstate sme ssbd ibpb vmmcall fsgsbase bmi1 avx2 smep bmi2 rdseed adx smap clflushopt sha_ni xsaveopt xsavec xgetbv1 xsaves clzero irperf xsaveerptr arat npt lbrv svm_lock nrip_save tsc_scale vmcb_clean flushbyasid decodeassists pausefilter pfthreshold avic v_vmsave_vmload vgif overflow_recov succor smca
bugs		: sysret_ss_attrs null_seg spectre_v1 spectre_v2 spec_store_bypass
bogomips	: 6985.76
TLB size	: 2560 4K pages
clflush size	: 64
cache_alignment	: 64
address sizes	: 43 bits physical, 48 bits virtual
power management: ts ttp tm hwpstate eff_freq_ro [13] [14]

processor	: 2
vendor_id	: AuthenticAMD
cpu family	: 23
model		: 1
model name	: AMD Ryzen 3 1300X Quad-Core Processor
stepping	: 1
microcode	: 0x8001137
cpu MHz		: 2530.601
cache size	: 512 KB
physical id	: 0
siblings	: 4
core id		: 8
cpu cores	: 4
apicid		: 8
initial apicid	: 8
fpu		: yes
fpu_exception	: yes
cpuid level	: 13
wp		: yes
flags		: fpu vme de pse tsc msr pae mce cx8 apic sep mtrr pge mca cmov pat pse36 clflush mmx fxsr sse sse2 ht syscall nx mmxext fxsr_opt pdpe1gb rdtscp lm constant_tsc rep_good nopl nonstop_tsc cpuid extd_apicid aperfmperf pni pclmulqdq monitor ssse3 fma cx16 sse4_1 sse4_2 movbe popcnt aes xsave avx f16c rdrand lahf_lm cmp_legacy svm extapic cr8_legacy abm sse4a misalignsse 3dnowprefetch osvw skinit wdt tce topoext perfctr_core perfctr_nb bpext perfctr_llc mwaitx cpb hw_pstate sme ssbd ibpb vmmcall fsgsbase bmi1 avx2 smep bmi2 rdseed adx smap clflushopt sha_ni xsaveopt xsavec xgetbv1 xsaves clzero irperf xsaveerptr arat npt lbrv svm_lock nrip_save tsc_scale vmcb_clean flushbyasid decodeassists pausefilter pfthreshold avic v_vmsave_vmload vgif overflow_recov succor smca
bugs		: sysret_ss_attrs null_seg spectre_v1 spectre_v2 spec_store_bypass
bogomips	: 6985.76
TLB size	: 2560 4K pages
clflush size	: 64
cache_alignment	: 64
address sizes	: 43 bits physical, 48 bits virtual
power management: ts ttp tm hwpstate eff_freq_ro [13] [14]

processor	: 3
vendor_id	: AuthenticAMD
cpu family	: 23
model		: 1
model name	: AMD Ryzen 3 1300X Quad-Core Processor
stepping	: 1
microcode	: 0x8001137
cpu MHz		: 2405.388
cache size	: 512 KB
physical id	: 0
siblings	: 4
core id		: 9
cpu cores	: 4
apicid		: 9
initial apicid	: 9
fpu		: yes
fpu_exception	: yes
cpuid level	: 13
wp		: yes
flags		: fpu vme de pse tsc msr pae mce cx8 apic sep mtrr pge mca cmov pat pse36 clflush mmx fxsr sse sse2 ht syscall nx mmxext fxsr_opt pdpe1gb rdtscp lm constant_tsc rep_good nopl nonstop_tsc cpuid extd_apicid aperfmperf pni pclmulqdq monitor ssse3 fma cx16 sse4_1 sse4_2 movbe popcnt aes xsave avx f16c rdrand lahf_lm cmp_legacy svm extapic cr8_legacy abm sse4a misalignsse 3dnowprefetch osvw skinit wdt tce topoext perfctr_core perfctr_nb bpext perfctr_llc mwaitx cpb hw_pstate sme ssbd ibpb vmmcall fsgsbase bmi1 avx2 smep bmi2 rdseed adx smap clflushopt sha_ni xsaveopt xsavec xgetbv1 xsaves clzero irperf xsaveerptr arat npt lbrv svm_lock nrip_save tsc_scale vmcb_clean flushbyasid decodeassists pausefilter pfthreshold avic v_vmsave_vmload vgif overflow_recov succor smca
bugs		: sysret_ss_attrs null_seg spectre_v1 spectre_v2 spec_store_bypass
bogomips	: 6985.76
TLB size	: 2560 4K pages
clflush size	: 64
cache_alignment	: 64
address sizes	: 43 bits physical, 48 bits virtual
power management: ts ttp tm hwpstate eff_freq_ro [13] [14]



Memory: 4k page, physical 32938700k(246848k free), swap 0k(0k free)

vm_info: Java HotSpot(TM) 64-Bit Server VM (25.201-b09) for linux-amd64 JRE (1.8.0_201-b09), built on Dec 15 2018 11:35:59 by "java_re" with gcc 7.3.0

time: Sat Apr  6 18:29:38 2019
timezone: MSK
elapsed time: 0 seconds (0d 0h 0m 0s)

